<?xml version="1.0" encoding="UTF-8"?>
<testsuite name="VisitorTest" tests="2" skipped="0" failures="0" errors="0" timestamp="2020-02-04T08:29:03" hostname="recruit-ThinkCentre-M73" time="0.016">
  <properties/>
  <testcase name="load()" classname="VisitorTest" time="0.01"/>
  <testcase name="save()" classname="VisitorTest" time="0.005"/>
  <system-out><![CDATA[]]></system-out>
  <system-err><![CDATA[]]></system-err>
</testsuite>
